Potential file /var/www/html/sbi/SPServer_src/PPI/data/ppi3_cbR12.out found
Weights file /var/www/html/sbi/SPServer_src/PPI/data/ppi3_cbR12.out found
 
                           DSSP
            by Wolfgang Kabsch and Chris Sander

Defines secondary structure and solvent exposure of proteins from
atomic coordinates as given in Protein Data Bank format.   

_________________________________________________________________________
This version licensed to Ethan Benatan at Univ_Pittsburgh               
for academic purposes.                                                 
Do not redistribute. 

Commercial licenses available on request.                                

Copyright by Wolfgang Kabsch and Chris Sander, 1983, 1985, 1988. 
Fax: +49-6221-387 306

Algorithm version October 1988. Refer to Biopolymers 22(1983) 2577-2637.
Do report errors if you find any.

Email: Sander@embl-heidelberg.de 
       Kabsch@embl-heidelberg.de 

_________________________________________________________________________
Related databases and datasets available from the Protein
Design Group at EMBL via anonymous ftp from embl-heidelberg.de:

pdb_select   Representative set of protein structures.
             By U. Hobohm, C. Sander, M. Scharf and R. Schneider.
             See Protein Science 1, 409-417.
DSSP         Dictionary of secondary structures of proteins. 
HSSP         Database of sequence-homology derived protein families.
             By C. Sander and R.Schneider.
             See Proteins 9, 56-68 (1991).
FSSP         Database of protein structure families with 
             common folding motifs. 
             L.Holm, C. Ouzounis, C. Sander, G.Tuparev, G. Vriend
             See Protein Science, in the press (1992).
In the XSSP databases, there is one dataset for each unique or
             representative PDB protein, e.g., 1PPT.HSSP etc.

Restrictions:Commercial users must apply for a license. 
             Not to be used for classified research.
 !!! RESIDUE THR  167 A HAS  4 INSTEAD OF EXPECTED   3 SIDECHAIN ATOMS.
     LAST SIDECHAIN ATOM NAME IS  OXT
     CALCULATED SOLVENT ACCESSIBILITY INCLUDES EXTRA ATOMS !!!

 !!! HEADER-CARD MISSING !!!
 !!! COMPOUND-CARD MISSING !!!
 !!! SOURCE-CARD MISSING !!!
 !!! AUTHOR CARD MISSING !!!
INPUTCOORDINATES DONE         167
FLAGSSBONDS DONE
FLAGCHIRALITY DONE
FLAGHYDROGENBONDS DONE
FLAGBRIDGE DONE
FLAGTURN DONE
FLAGACCESS DONE
PRINTOUT DONE
 
                           DSSP
            by Wolfgang Kabsch and Chris Sander

Defines secondary structure and solvent exposure of proteins from
atomic coordinates as given in Protein Data Bank format.   

_________________________________________________________________________
This version licensed to Ethan Benatan at Univ_Pittsburgh               
for academic purposes.                                                 
Do not redistribute. 

Commercial licenses available on request.                                

Copyright by Wolfgang Kabsch and Chris Sander, 1983, 1985, 1988. 
Fax: +49-6221-387 306

Algorithm version October 1988. Refer to Biopolymers 22(1983) 2577-2637.
Do report errors if you find any.

Email: Sander@embl-heidelberg.de 
       Kabsch@embl-heidelberg.de 

_________________________________________________________________________
Related databases and datasets available from the Protein
Design Group at EMBL via anonymous ftp from embl-heidelberg.de:

pdb_select   Representative set of protein structures.
             By U. Hobohm, C. Sander, M. Scharf and R. Schneider.
             See Protein Science 1, 409-417.
DSSP         Dictionary of secondary structures of proteins. 
HSSP         Database of sequence-homology derived protein families.
             By C. Sander and R.Schneider.
             See Proteins 9, 56-68 (1991).
FSSP         Database of protein structure families with 
             common folding motifs. 
             L.Holm, C. Ouzounis, C. Sander, G.Tuparev, G. Vriend
             See Protein Science, in the press (1992).
In the XSSP databases, there is one dataset for each unique or
             representative PDB protein, e.g., 1PPT.HSSP etc.

Restrictions:Commercial users must apply for a license. 
             Not to be used for classified research.
 !!! HEADER-CARD MISSING !!!
 !!! COMPOUND-CARD MISSING !!!
 !!! SOURCE-CARD MISSING !!!
 !!! AUTHOR CARD MISSING !!!
INPUTCOORDINATES DONE          30
FLAGSSBONDS DONE
FLAGCHIRALITY DONE
FLAGHYDROGENBONDS DONE
FLAGBRIDGE DONE
FLAGTURN DONE
FLAGACCESS DONE
PRINTOUT DONE
/var/www/html/sbi/SPServer_src/PPI/bin/dssp /var/www/html/sbi/SPServer_results/ppi_5c867679c26cf/extracted_structures/example_BAX_BID/BAX_BID_reference.pdb.chainA.pdb /var/www/html/sbi/SPServer_results/ppi_5c867679c26cf/extracted_structures/example_BAX_BID/BAX_BID_reference.pdb.chainA.pdb.dssp 
/var/www/html/sbi/SPServer_src/PPI/bin/dssp /var/www/html/sbi/SPServer_results/ppi_5c867679c26cf/extracted_structures/example_BAX_BID/BAX_BID_reference.pdb.chainB.pdb /var/www/html/sbi/SPServer_results/ppi_5c867679c26cf/extracted_structures/example_BAX_BID/BAX_BID_reference.pdb.chainB.pdb.dssp 
Read PDB /var/www/html/sbi/SPServer_results/ppi_5c867679c26cf/extracted_structures/example_BAX_BID/BAX_BID_reference.pdb CHAIN A 
Read PDB /var/www/html/sbi/SPServer_results/ppi_5c867679c26cf/extracted_structures/example_BAX_BID/BAX_BID_reference.pdb CHAIN B 
Read DSSP /var/www/html/sbi/SPServer_results/ppi_5c867679c26cf/extracted_structures/example_BAX_BID/BAX_BID_reference.pdb.chainA.pdb.dssp CHAIN A 
Read DSSP /var/www/html/sbi/SPServer_results/ppi_5c867679c26cf/extracted_structures/example_BAX_BID/BAX_BID_reference.pdb.chainB.pdb.dssp CHAIN B 
Running /var/www/html/sbi/SPServer_src/PPI/bin/interact with /var/www/html/sbi/SPServer_results/ppi_5c867679c26cf/extracted_structures/example_BAX_BID/BAX_BID_reference.pdb.chainA.pdb and /var/www/html/sbi/SPServer_results/ppi_5c867679c26cf/extracted_structures/example_BAX_BID/BAX_BID_reference.pdb.chainB.pdb 
Open the pdb file /var/www/html/sbi/SPServer_results/ppi_5c867679c26cf/extracted_structures/example_BAX_BID/BAX_BID_reference.pdb.chainA.pdb 
Close the pdb file /var/www/html/sbi/SPServer_results/ppi_5c867679c26cf/extracted_structures/example_BAX_BID/BAX_BID_reference.pdb.chainA.pdb Total of Atoms=1295 Total of Residues=167
Open the pdb file /var/www/html/sbi/SPServer_results/ppi_5c867679c26cf/extracted_structures/example_BAX_BID/BAX_BID_reference.pdb.chainB.pdb 
Close the pdb file /var/www/html/sbi/SPServer_results/ppi_5c867679c26cf/extracted_structures/example_BAX_BID/BAX_BID_reference.pdb.chainB.pdb Total of Atoms=230 Total of Residues=30
/var/www/html/sbi/SPServer_src/PPI/bin/interact -a /var/www/html/sbi/SPServer_results/ppi_5c867679c26cf/extracted_structures/example_BAX_BID/BAX_BID_reference.pdb.chainA.pdb -b /var/www/html/sbi/SPServer_results/ppi_5c867679c26cf/extracted_structures/example_BAX_BID/BAX_BID_reference.pdb.chainB.pdb -p CB -c 13 -o /var/www/html/sbi/SPServer_results/ppi_5c867679c26cf/extracted_structures/example_BAX_BID/BAX_BID_reference.pdb.interactCB
RANDOM DECOYS
...........10....................................................................................................110....................................................................................................210....................................................................................................310....................................................................................................410....................................................................................................510....................................................................................................610....................................................................................................710....................................................................................................810....................................................................................................910.........................................................................................
 
                           DSSP
            by Wolfgang Kabsch and Chris Sander

Defines secondary structure and solvent exposure of proteins from
atomic coordinates as given in Protein Data Bank format.   

_________________________________________________________________________
This version licensed to Ethan Benatan at Univ_Pittsburgh               
for academic purposes.                                                 
Do not redistribute. 

Commercial licenses available on request.                                

Copyright by Wolfgang Kabsch and Chris Sander, 1983, 1985, 1988. 
Fax: +49-6221-387 306

Algorithm version October 1988. Refer to Biopolymers 22(1983) 2577-2637.
Do report errors if you find any.

Email: Sander@embl-heidelberg.de 
       Kabsch@embl-heidelberg.de 

_________________________________________________________________________
Related databases and datasets available from the Protein
Design Group at EMBL via anonymous ftp from embl-heidelberg.de:

pdb_select   Representative set of protein structures.
             By U. Hobohm, C. Sander, M. Scharf and R. Schneider.
             See Protein Science 1, 409-417.
DSSP         Dictionary of secondary structures of proteins. 
HSSP         Database of sequence-homology derived protein families.
             By C. Sander and R.Schneider.
             See Proteins 9, 56-68 (1991).
FSSP         Database of protein structure families with 
             common folding motifs. 
             L.Holm, C. Ouzounis, C. Sander, G.Tuparev, G. Vriend
             See Protein Science, in the press (1992).
In the XSSP databases, there is one dataset for each unique or
             representative PDB protein, e.g., 1PPT.HSSP etc.

Restrictions:Commercial users must apply for a license. 
             Not to be used for classified research.
 !!! RESIDUE THR  167 A HAS  4 INSTEAD OF EXPECTED   3 SIDECHAIN ATOMS.
     LAST SIDECHAIN ATOM NAME IS  OXT
     CALCULATED SOLVENT ACCESSIBILITY INCLUDES EXTRA ATOMS !!!

 !!! HEADER-CARD MISSING !!!
 !!! COMPOUND-CARD MISSING !!!
 !!! SOURCE-CARD MISSING !!!
 !!! AUTHOR CARD MISSING !!!
INPUTCOORDINATES DONE         167
FLAGSSBONDS DONE
FLAGCHIRALITY DONE
FLAGHYDROGENBONDS DONE
FLAGBRIDGE DONE
FLAGTURN DONE
FLAGACCESS DONE
PRINTOUT DONE
 
                           DSSP
            by Wolfgang Kabsch and Chris Sander

Defines secondary structure and solvent exposure of proteins from
atomic coordinates as given in Protein Data Bank format.   

_________________________________________________________________________
This version licensed to Ethan Benatan at Univ_Pittsburgh               
for academic purposes.                                                 
Do not redistribute. 

Commercial licenses available on request.                                

Copyright by Wolfgang Kabsch and Chris Sander, 1983, 1985, 1988. 
Fax: +49-6221-387 306

Algorithm version October 1988. Refer to Biopolymers 22(1983) 2577-2637.
Do report errors if you find any.

Email: Sander@embl-heidelberg.de 
       Kabsch@embl-heidelberg.de 

_________________________________________________________________________
Related databases and datasets available from the Protein
Design Group at EMBL via anonymous ftp from embl-heidelberg.de:

pdb_select   Representative set of protein structures.
             By U. Hobohm, C. Sander, M. Scharf and R. Schneider.
             See Protein Science 1, 409-417.
DSSP         Dictionary of secondary structures of proteins. 
HSSP         Database of sequence-homology derived protein families.
             By C. Sander and R.Schneider.
             See Proteins 9, 56-68 (1991).
FSSP         Database of protein structure families with 
             common folding motifs. 
             L.Holm, C. Ouzounis, C. Sander, G.Tuparev, G. Vriend
             See Protein Science, in the press (1992).
In the XSSP databases, there is one dataset for each unique or
             representative PDB protein, e.g., 1PPT.HSSP etc.

Restrictions:Commercial users must apply for a license. 
             Not to be used for classified research.
 !!! HEADER-CARD MISSING !!!
 !!! COMPOUND-CARD MISSING !!!
 !!! SOURCE-CARD MISSING !!!
 !!! AUTHOR CARD MISSING !!!
INPUTCOORDINATES DONE          30
FLAGSSBONDS DONE
FLAGCHIRALITY DONE
FLAGHYDROGENBONDS DONE
FLAGBRIDGE DONE
FLAGTURN DONE
FLAGACCESS DONE
PRINTOUT DONE
/var/www/html/sbi/SPServer_src/PPI/bin/dssp /var/www/html/sbi/SPServer_results/ppi_5c867679c26cf/extracted_structures/example_BAX_BID/BAX_G108V_BID.pdb.chainA.pdb /var/www/html/sbi/SPServer_results/ppi_5c867679c26cf/extracted_structures/example_BAX_BID/BAX_G108V_BID.pdb.chainA.pdb.dssp 
/var/www/html/sbi/SPServer_src/PPI/bin/dssp /var/www/html/sbi/SPServer_results/ppi_5c867679c26cf/extracted_structures/example_BAX_BID/BAX_G108V_BID.pdb.chainB.pdb /var/www/html/sbi/SPServer_results/ppi_5c867679c26cf/extracted_structures/example_BAX_BID/BAX_G108V_BID.pdb.chainB.pdb.dssp 
Read PDB /var/www/html/sbi/SPServer_results/ppi_5c867679c26cf/extracted_structures/example_BAX_BID/BAX_G108V_BID.pdb CHAIN A 
Read PDB /var/www/html/sbi/SPServer_results/ppi_5c867679c26cf/extracted_structures/example_BAX_BID/BAX_G108V_BID.pdb CHAIN B 
Read DSSP /var/www/html/sbi/SPServer_results/ppi_5c867679c26cf/extracted_structures/example_BAX_BID/BAX_G108V_BID.pdb.chainA.pdb.dssp CHAIN A 
Read DSSP /var/www/html/sbi/SPServer_results/ppi_5c867679c26cf/extracted_structures/example_BAX_BID/BAX_G108V_BID.pdb.chainB.pdb.dssp CHAIN B 
Running /var/www/html/sbi/SPServer_src/PPI/bin/interact with /var/www/html/sbi/SPServer_results/ppi_5c867679c26cf/extracted_structures/example_BAX_BID/BAX_G108V_BID.pdb.chainA.pdb and /var/www/html/sbi/SPServer_results/ppi_5c867679c26cf/extracted_structures/example_BAX_BID/BAX_G108V_BID.pdb.chainB.pdb 
Open the pdb file /var/www/html/sbi/SPServer_results/ppi_5c867679c26cf/extracted_structures/example_BAX_BID/BAX_G108V_BID.pdb.chainA.pdb 
Close the pdb file /var/www/html/sbi/SPServer_results/ppi_5c867679c26cf/extracted_structures/example_BAX_BID/BAX_G108V_BID.pdb.chainA.pdb Total of Atoms=1298 Total of Residues=167
Open the pdb file /var/www/html/sbi/SPServer_results/ppi_5c867679c26cf/extracted_structures/example_BAX_BID/BAX_G108V_BID.pdb.chainB.pdb 
Close the pdb file /var/www/html/sbi/SPServer_results/ppi_5c867679c26cf/extracted_structures/example_BAX_BID/BAX_G108V_BID.pdb.chainB.pdb Total of Atoms=230 Total of Residues=30
/var/www/html/sbi/SPServer_src/PPI/bin/interact -a /var/www/html/sbi/SPServer_results/ppi_5c867679c26cf/extracted_structures/example_BAX_BID/BAX_G108V_BID.pdb.chainA.pdb -b /var/www/html/sbi/SPServer_results/ppi_5c867679c26cf/extracted_structures/example_BAX_BID/BAX_G108V_BID.pdb.chainB.pdb -p CB -c 13 -o /var/www/html/sbi/SPServer_results/ppi_5c867679c26cf/extracted_structures/example_BAX_BID/BAX_G108V_BID.pdb.interactCB
RANDOM DECOYS
...........10....................................................................................................110....................................................................................................210....................................................................................................310....................................................................................................410....................................................................................................510....................................................................................................610....................................................................................................710....................................................................................................810....................................................................................................910.........................................................................................
[SUCCESS] Execution completed!
