['ATOM    390  CD  LYS A  51     -97.081  28.268  -7.755',
 'ATOM    391  CE  LYS A  51     -98.178  29.220  -7.318',
 'ATOM    392  NZ  LYS A  51     -98.439  30.125  -8.463',
 'ATOM    677  CG  GLU A  86    -105.261  21.872  -6.521',
 'ATOM    678  CD  GLU A  86    -103.829  21.939  -6.066',
 'ATOM    679  OE1 GLU A  86    -103.237  23.049  -6.132',
 'ATOM    680  OE2 GLU A  86    -103.317  20.877  -5.627',
 'ATOM   1777  CB  ALA A 220     -86.862  32.963 -11.451',
 'ATOM   1793  CB  ILE A 223     -89.114  24.052  -7.582',
 'ATOM   1828  CA  GLN A 228     -93.021  20.488  -6.130',
 'ATOM   1829  CB  GLN A 228     -93.782  21.850  -6.301',
 'ATOM   1830  CG  GLN A 228     -95.254  22.209  -6.309',
 'ATOM   1831  CD  GLN A 228     -95.296  23.733  -6.130',
 'ATOM   1832  OE1 GLN A 228     -96.348  24.336  -5.930',
 'ATOM   1833  NE2 GLN A 228     -94.102  24.379  -6.186',
 'ATOM   1834  C   GLN A 228     -93.699  19.551  -5.267',
 'ATOM   1835  O   GLN A 228     -92.985  18.943  -4.495',
 'ATOM   1838  CB  ARG A 229     -97.171  18.198  -5.524',
 'ATOM   1840  CD  ARG A 229     -97.295  15.777  -6.216',
 'ATOM   1845  C   ARG A 229     -95.318  17.107  -4.384',
 'ATOM   1846  O   ARG A 229     -95.519  16.667  -3.254',
 'ATOM   1856  CA  THR A 231     -91.152  16.027  -2.822',
 'ATOM   1857  CB  THR A 231     -90.260  17.226  -2.717',
 'ATOM   1862  N   ALA A 232     -92.012  16.170  -0.494',
 'ATOM   1864  CB  ALA A 232     -92.201  16.858   1.924',
 'ATOM   1867  OXT ALA A 232     -93.087  14.468   2.338',
 'ATOM    601  O   PRO B  73     -87.598  35.618 -11.563',
 'ATOM    633  SG  CYS B  78     -91.699  33.134  -5.377',
 'ATOM   1318  CG  ASP B 170    -104.317  23.781  -3.722',
 'ATOM   1319  OD1 ASP B 170    -103.057  23.825  -3.728',
 'ATOM   1320  OD2 ASP B 170    -104.987  22.715  -3.714',
 'ATOM   1383  O   LEU B 178     -98.847  31.972  -6.554',
 'ATOM   1385  CA  THR B 179     -96.269  31.180  -6.214',
 'ATOM   1388  CG2 THR B 179     -94.620  29.861  -7.514',
 'ATOM   1397  O   VAL B 180     -94.374  27.094  -5.431',
 'ATOM   1407  CA  ALA B 182     -91.811  23.195  -4.886',
 'ATOM   1408  CB  ALA B 182     -90.801  22.502  -5.796',
 'ATOM   1410  O   ALA B 182     -92.567  21.543  -3.434',
 'ATOM   1431  CB  TYR B 185     -96.117  22.265  -3.564',
 'ATOM   1432  CG  TYR B 185     -97.426  22.143  -4.258',
 'ATOM   1433  CD1 TYR B 185     -97.718  21.026  -4.990',
 'ATOM   1434  CD2 TYR B 185     -98.346  23.168  -4.207',
 'ATOM   1438  OH  TYR B 185    -101.018  21.796  -6.312',
 'ATOM   1442  CA  SER B 186     -94.178  18.453  -1.870',
 'ATOM   1443  CB  SER B 186     -92.691  18.481  -1.592',
 'ATOM   1444  OG  SER B 186     -91.897  19.390  -2.298',
 'ATOM   1446  O   SER B 186     -95.200  16.828  -0.506',
 'ATOM   1448  CA  TYR B 187     -94.666  18.403   1.716',
 'ATOM   1466  CB  LEU B 189     -98.225  15.899  -2.428',
 'ATOM   1467  CG  LEU B 189     -98.788  16.662  -3.629']
